2020-08-24T22:10:57+00:00 CRITICAL Uncaught Error: Call to undefined function products() in C:\xampp2\htdocs\Clever-e\wp-content\themes\clever\inc\fnc\fnc.php:142
Stack trace:
#0 C:\xampp2\htdocs\Clever-e\wp-content\themes\clever\woocommerce\content-single-product.php(62): woocommerce_template_single_sku()
#1 C:\xampp2\htdocs\Clever-e\wp-includes\template.php(725): require('C:\\xampp2\\htdoc...')
#2 C:\xampp2\htdocs\Clever-e\wp-content\plugins\woocommerce\includes\wc-core-functions.php(283): load_template('C:\\xampp2\\htdoc...', false)
#3 C:\xampp2\htdocs\Clever-e\wp-content\themes\clever\woocommerce\single-product.php(37): wc_get_template_part('content', 'single-product')
#4 C:\xampp2\htdocs\Clever-e\wp-includes\template-loader.php(106): include('C:\\xampp2\\htdoc...')
#5 C:\xampp2\htdocs\Clever-e\wp-blog-header.php(19): require_once('C:\\xampp2\\htdoc...')
#6 C:\xampp2\htdocs\Clever-e\index.php(17): require('C:\\xampp2\\htdoc...')
#7 {main}
  thrown in C:\xampp2\htdocs\Clever-e\wp-content\themes\clever\inc\fnc\fnc.php on line 142

2020-08-24T23:34:44+00:00 CRITICAL Uncaught Error: Class 'PLL_Widget_Languages' not found in C:\xampp2\htdocs\Clever-e\wp-includes\class-wp-widget-factory.php:61
Stack trace:
#0 C:\xampp2\htdocs\Clever-e\wp-includes\widgets.php(115): WP_Widget_Factory->register('PLL_Widget_Lang...')
#1 C:\xampp2\htdocs\Clever-e\wp-content\plugins\polylang\include\base.php(70): register_widget('PLL_Widget_Lang...')
#2 C:\xampp2\htdocs\Clever-e\wp-includes\class-wp-hook.php(287): PLL_Base->widgets_init('')
#3 C:\xampp2\htdocs\Clever-e\wp-includes\class-wp-hook.php(311): WP_Hook->apply_filters(NULL, Array)
#4 C:\xampp2\htdocs\Clever-e\wp-includes\plugin.php(478): WP_Hook->do_action(Array)
#5 C:\xampp2\htdocs\Clever-e\wp-includes\widgets.php(1765): do_action('widgets_init')
#6 C:\xampp2\htdocs\Clever-e\wp-includes\class-wp-hook.php(287): wp_widgets_init('')
#7 C:\xampp2\htdocs\Clever-e\wp-includes\class-wp-hook.php(311): WP_Hook->apply_filters(NULL, Array)
#8 C:\xampp2\htdocs\Clever-e\wp-includes\plugin.php(478): WP_Hook->do_action(Array)
#9 C:\xampp2\htdocs\Cleve in C:\xampp2\htdocs\Clever-e\wp-includes\class-wp-widget-factory.php on line 61

