2020-11-29T22:42:03+00:00 CRITICAL Cannot redeclare icl_get_home_url() (previously declared in /var/www/html/Clever-e/wp-content/plugins/polylang/modules/wpml/wpml-legacy-api.php:18) en /var/www/html/Clever-e/wp-content/plugins/sitepress-multilingual-cms/inc/template-functions.php en la línea 77

2020-11-29T22:42:07+00:00 CRITICAL Cannot redeclare icl_get_home_url() (previously declared in /var/www/html/Clever-e/wp-content/plugins/polylang/modules/wpml/wpml-legacy-api.php:18) en /var/www/html/Clever-e/wp-content/plugins/sitepress-multilingual-cms/inc/template-functions.php en la línea 77

2020-11-29T22:42:07+00:00 CRITICAL Cannot redeclare icl_get_home_url() (previously declared in /var/www/html/Clever-e/wp-content/plugins/polylang/modules/wpml/wpml-legacy-api.php:18) en /var/www/html/Clever-e/wp-content/plugins/sitepress-multilingual-cms/inc/template-functions.php en la línea 77

2020-11-29T22:42:30+00:00 CRITICAL Cannot redeclare icl_get_home_url() (previously declared in /var/www/html/Clever-e/wp-content/plugins/polylang/modules/wpml/wpml-legacy-api.php:18) en /var/www/html/Clever-e/wp-content/plugins/sitepress-multilingual-cms/inc/template-functions.php en la línea 77

2020-11-29T22:42:32+00:00 CRITICAL Cannot redeclare icl_get_home_url() (previously declared in /var/www/html/Clever-e/wp-content/plugins/polylang/modules/wpml/wpml-legacy-api.php:18) en /var/www/html/Clever-e/wp-content/plugins/sitepress-multilingual-cms/inc/template-functions.php en la línea 77

2020-11-29T22:42:32+00:00 CRITICAL Cannot redeclare icl_get_home_url() (previously declared in /var/www/html/Clever-e/wp-content/plugins/polylang/modules/wpml/wpml-legacy-api.php:18) en /var/www/html/Clever-e/wp-content/plugins/sitepress-multilingual-cms/inc/template-functions.php en la línea 77

2020-11-29T22:44:38+00:00 CRITICAL Cannot redeclare icl_get_home_url() (previously declared in /var/www/html/Clever-e/wp-content/plugins/polylang/modules/wpml/wpml-legacy-api.php:18) en /var/www/html/Clever-e/wp-content/plugins/sitepress-multilingual-cms/inc/template-functions.php en la línea 77

2020-11-29T22:44:42+00:00 CRITICAL Cannot redeclare icl_get_home_url() (previously declared in /var/www/html/Clever-e/wp-content/plugins/polylang/modules/wpml/wpml-legacy-api.php:18) en /var/www/html/Clever-e/wp-content/plugins/sitepress-multilingual-cms/inc/template-functions.php en la línea 77

2020-11-29T22:44:42+00:00 CRITICAL Cannot redeclare icl_get_home_url() (previously declared in /var/www/html/Clever-e/wp-content/plugins/polylang/modules/wpml/wpml-legacy-api.php:18) en /var/www/html/Clever-e/wp-content/plugins/sitepress-multilingual-cms/inc/template-functions.php en la línea 77

2020-11-29T22:49:10+00:00 CRITICAL Cannot redeclare icl_get_home_url() (previously declared in /var/www/html/Clever-e/wp-content/plugins/polylang/modules/wpml/wpml-legacy-api.php:18) en /var/www/html/Clever-e/wp-content/plugins/sitepress-multilingual-cms/inc/template-functions.php en la línea 77

2020-11-29T22:49:13+00:00 CRITICAL Cannot redeclare icl_get_home_url() (previously declared in /var/www/html/Clever-e/wp-content/plugins/polylang/modules/wpml/wpml-legacy-api.php:18) en /var/www/html/Clever-e/wp-content/plugins/sitepress-multilingual-cms/inc/template-functions.php en la línea 77

2020-11-29T22:49:13+00:00 CRITICAL Cannot redeclare icl_get_home_url() (previously declared in /var/www/html/Clever-e/wp-content/plugins/polylang/modules/wpml/wpml-legacy-api.php:18) en /var/www/html/Clever-e/wp-content/plugins/sitepress-multilingual-cms/inc/template-functions.php en la línea 77

2020-11-29T22:59:52+00:00 CRITICAL Cannot redeclare icl_get_home_url() (previously declared in /var/www/html/Clever-e/wp-content/plugins/polylang/modules/wpml/wpml-legacy-api.php:18) en /var/www/html/Clever-e/wp-content/plugins/sitepress-multilingual-cms/inc/template-functions.php en la línea 77

2020-11-29T22:59:54+00:00 CRITICAL Cannot redeclare icl_get_home_url() (previously declared in /var/www/html/Clever-e/wp-content/plugins/polylang/modules/wpml/wpml-legacy-api.php:18) en /var/www/html/Clever-e/wp-content/plugins/sitepress-multilingual-cms/inc/template-functions.php en la línea 77

2020-11-29T22:59:55+00:00 CRITICAL Cannot redeclare icl_get_home_url() (previously declared in /var/www/html/Clever-e/wp-content/plugins/polylang/modules/wpml/wpml-legacy-api.php:18) en /var/www/html/Clever-e/wp-content/plugins/sitepress-multilingual-cms/inc/template-functions.php en la línea 77

2020-11-29T23:08:16+00:00 CRITICAL syntax error, unexpected '}' in /var/www/html/Clever-e/wp-content/themes/clever/woocommerce/archive-product.php on line 631

2020-11-29T23:17:14+00:00 CRITICAL Uncaught Error: Call to a member function get_cart_contents_count() on null in /var/www/html/Clever-e/wp-content/themes/clever/header.php:264
Stack trace:
#0 /var/www/html/Clever-e/wp-includes/template.php(723): require_once()
#1 /var/www/html/Clever-e/wp-includes/template.php(672): load_template('/var/www/html/C...', true)
#2 /var/www/html/Clever-e/wp-includes/general-template.php(41): locate_template(Array, true)
#3 /var/www/html/Clever-e/wp-content/themes/clever/404.php(1): get_header()
#4 /var/www/html/Clever-e/wp-includes/template-loader.php(106): include('/var/www/html/C...')
#5 /var/www/html/Clever-e/wp-blog-header.php(19): require_once('/var/www/html/C...')
#6 /var/www/html/Clever-e/index.php(17): require('/var/www/html/C...')
#7 {main}
  thrown in /var/www/html/Clever-e/wp-content/themes/clever/header.php on line 264

2020-11-29T23:17:16+00:00 CRITICAL Uncaught Error: Call to a member function get_cart_contents_count() on null in /var/www/html/Clever-e/wp-content/themes/clever/header.php:264
Stack trace:
#0 /var/www/html/Clever-e/wp-includes/template.php(723): require_once()
#1 /var/www/html/Clever-e/wp-includes/template.php(672): load_template('/var/www/html/C...', true)
#2 /var/www/html/Clever-e/wp-includes/general-template.php(41): locate_template(Array, true)
#3 /var/www/html/Clever-e/wp-content/themes/clever/404.php(1): get_header()
#4 /var/www/html/Clever-e/wp-includes/template-loader.php(106): include('/var/www/html/C...')
#5 /var/www/html/Clever-e/wp-blog-header.php(19): require_once('/var/www/html/C...')
#6 /var/www/html/Clever-e/index.php(17): require('/var/www/html/C...')
#7 {main}
  thrown in /var/www/html/Clever-e/wp-content/themes/clever/header.php on line 264

2020-11-29T23:17:16+00:00 CRITICAL Uncaught Error: Call to a member function get_cart_contents_count() on null in /var/www/html/Clever-e/wp-content/themes/clever/header.php:264
Stack trace:
#0 /var/www/html/Clever-e/wp-includes/template.php(723): require_once()
#1 /var/www/html/Clever-e/wp-includes/template.php(672): load_template('/var/www/html/C...', true)
#2 /var/www/html/Clever-e/wp-includes/general-template.php(41): locate_template(Array, true)
#3 /var/www/html/Clever-e/wp-content/themes/clever/404.php(1): get_header()
#4 /var/www/html/Clever-e/wp-includes/template-loader.php(106): include('/var/www/html/C...')
#5 /var/www/html/Clever-e/wp-blog-header.php(19): require_once('/var/www/html/C...')
#6 /var/www/html/Clever-e/index.php(17): require('/var/www/html/C...')
#7 {main}
  thrown in /var/www/html/Clever-e/wp-content/themes/clever/header.php on line 264

2020-11-29T23:18:10+00:00 CRITICAL Uncaught Error: Call to a member function get_cart_contents_count() on null in /var/www/html/Clever-e/wp-content/themes/clever/header.php:264
Stack trace:
#0 /var/www/html/Clever-e/wp-includes/template.php(723): require_once()
#1 /var/www/html/Clever-e/wp-includes/template.php(672): load_template('/var/www/html/C...', true)
#2 /var/www/html/Clever-e/wp-includes/general-template.php(41): locate_template(Array, true)
#3 /var/www/html/Clever-e/wp-content/themes/clever/404.php(1): get_header()
#4 /var/www/html/Clever-e/wp-includes/template-loader.php(106): include('/var/www/html/C...')
#5 /var/www/html/Clever-e/wp-blog-header.php(19): require_once('/var/www/html/C...')
#6 /var/www/html/Clever-e/index.php(17): require('/var/www/html/C...')
#7 {main}
  thrown in /var/www/html/Clever-e/wp-content/themes/clever/header.php on line 264

2020-11-29T23:18:10+00:00 CRITICAL Uncaught Error: Call to a member function get_cart_contents_count() on null in /var/www/html/Clever-e/wp-content/themes/clever/header.php:264
Stack trace:
#0 /var/www/html/Clever-e/wp-includes/template.php(723): require_once()
#1 /var/www/html/Clever-e/wp-includes/template.php(672): load_template('/var/www/html/C...', true)
#2 /var/www/html/Clever-e/wp-includes/general-template.php(41): locate_template(Array, true)
#3 /var/www/html/Clever-e/wp-content/themes/clever/404.php(1): get_header()
#4 /var/www/html/Clever-e/wp-includes/template-loader.php(106): include('/var/www/html/C...')
#5 /var/www/html/Clever-e/wp-blog-header.php(19): require_once('/var/www/html/C...')
#6 /var/www/html/Clever-e/index.php(17): require('/var/www/html/C...')
#7 {main}
  thrown in /var/www/html/Clever-e/wp-content/themes/clever/header.php on line 264

2020-11-29T23:18:11+00:00 CRITICAL Uncaught Error: Call to a member function get_cart_contents_count() on null in /var/www/html/Clever-e/wp-content/themes/clever/header.php:264
Stack trace:
#0 /var/www/html/Clever-e/wp-includes/template.php(723): require_once()
#1 /var/www/html/Clever-e/wp-includes/template.php(672): load_template('/var/www/html/C...', true)
#2 /var/www/html/Clever-e/wp-includes/general-template.php(41): locate_template(Array, true)
#3 /var/www/html/Clever-e/wp-content/themes/clever/404.php(1): get_header()
#4 /var/www/html/Clever-e/wp-includes/template-loader.php(106): include('/var/www/html/C...')
#5 /var/www/html/Clever-e/wp-blog-header.php(19): require_once('/var/www/html/C...')
#6 /var/www/html/Clever-e/index.php(17): require('/var/www/html/C...')
#7 {main}
  thrown in /var/www/html/Clever-e/wp-content/themes/clever/header.php on line 264

