2020-08-31T09:04:16+00:00 CRITICAL Maximum execution time of 360 seconds exceeded in C:\xampp2\htdocs\Clever-e\wp-includes\wp-db.php on line 2024

2020-08-31T11:36:41+00:00 CRITICAL syntax error, unexpected ')' en C:\xampp2\htdocs\Clever-e\wp-content\themes\clever\inc\home\customizer-main-video.php en la línea 61

2020-08-31T11:36:41+00:00 CRITICAL syntax error, unexpected ')' en C:\xampp2\htdocs\Clever-e\wp-content\themes\clever\inc\home\customizer-main-video.php en la línea 61

2020-08-31T11:38:17+00:00 CRITICAL syntax error, unexpected '=', expecting ')' en C:\xampp2\htdocs\Clever-e\wp-content\themes\clever\inc\home\customizer-main-video.php en la línea 57

2020-08-31T11:38:19+00:00 CRITICAL syntax error, unexpected '=', expecting ')' en C:\xampp2\htdocs\Clever-e\wp-content\themes\clever\inc\home\customizer-main-video.php en la línea 57

2020-08-31T11:49:48+00:00 CRITICAL syntax error, unexpected ')' en C:\xampp2\htdocs\Clever-e\wp-content\themes\clever\inc\home\customizer-main-video.php en la línea 64

2020-08-31T11:49:49+00:00 CRITICAL syntax error, unexpected ')' en C:\xampp2\htdocs\Clever-e\wp-content\themes\clever\inc\home\customizer-main-video.php en la línea 64

2020-08-31T11:59:25+00:00 CRITICAL Uncaught Error: Class 'Skyrocket_Simple_Notice_Custom_control' not found in C:\xampp2\htdocs\Clever-e\wp-content\themes\clever\inc\home\customizer-main-video.php:60
Stack trace:
#0 C:\xampp2\htdocs\Clever-e\wp-content\themes\clever\functions.php(51): require_once()
#1 C:\xampp2\htdocs\Clever-e\wp-includes\class-wp-hook.php(287): theme_customize_register(Object(WP_Customize_Manager))
#2 C:\xampp2\htdocs\Clever-e\wp-includes\class-wp-hook.php(311): WP_Hook->apply_filters(NULL, Array)
#3 C:\xampp2\htdocs\Clever-e\wp-includes\plugin.php(478): WP_Hook->do_action(Array)
#4 C:\xampp2\htdocs\Clever-e\wp-includes\class-wp-customize-manager.php(928): do_action('customize_regis...', Object(WP_Customize_Manager))
#5 C:\xampp2\htdocs\Clever-e\wp-includes\class-wp-hook.php(287): WP_Customize_Manager->wp_loaded('')
#6 C:\xampp2\htdocs\Clever-e\wp-includes\class-wp-hook.php(311): WP_Hook->apply_filters(NULL, Array)
#7 C:\xampp2\htdocs\Clever-e\wp-includes\plugin.php(478): WP_Hook->do_action(Array)
#8 C:\xampp2\htdocs\Clever- en C:\xampp2\htdocs\Clever-e\wp-content\themes\clever\inc\home\customizer-main-video.php en la línea 60

2020-08-31T11:59:26+00:00 CRITICAL Uncaught Error: Class 'Skyrocket_Simple_Notice_Custom_control' not found in C:\xampp2\htdocs\Clever-e\wp-content\themes\clever\inc\home\customizer-main-video.php:60
Stack trace:
#0 C:\xampp2\htdocs\Clever-e\wp-content\themes\clever\functions.php(51): require_once()
#1 C:\xampp2\htdocs\Clever-e\wp-includes\class-wp-hook.php(287): theme_customize_register(Object(WP_Customize_Manager))
#2 C:\xampp2\htdocs\Clever-e\wp-includes\class-wp-hook.php(311): WP_Hook->apply_filters(NULL, Array)
#3 C:\xampp2\htdocs\Clever-e\wp-includes\plugin.php(478): WP_Hook->do_action(Array)
#4 C:\xampp2\htdocs\Clever-e\wp-includes\class-wp-customize-manager.php(928): do_action('customize_regis...', Object(WP_Customize_Manager))
#5 C:\xampp2\htdocs\Clever-e\wp-includes\class-wp-hook.php(287): WP_Customize_Manager->wp_loaded('')
#6 C:\xampp2\htdocs\Clever-e\wp-includes\class-wp-hook.php(311): WP_Hook->apply_filters(NULL, Array)
#7 C:\xampp2\htdocs\Clever-e\wp-includes\plugin.php(478): WP_Hook->do_action(Array)
#8 C:\xampp2\htdocs\Clever- en C:\xampp2\htdocs\Clever-e\wp-content\themes\clever\inc\home\customizer-main-video.php en la línea 60

2020-08-31T12:00:14+00:00 CRITICAL Uncaught Error: Class 'Skyrocket_Simple_Notice_Custom_control' not found in C:\xampp2\htdocs\Clever-e\wp-content\themes\clever\inc\home\customizer-main-video.php:59
Stack trace:
#0 C:\xampp2\htdocs\Clever-e\wp-content\themes\clever\functions.php(51): require_once()
#1 C:\xampp2\htdocs\Clever-e\wp-includes\class-wp-hook.php(287): theme_customize_register(Object(WP_Customize_Manager))
#2 C:\xampp2\htdocs\Clever-e\wp-includes\class-wp-hook.php(311): WP_Hook->apply_filters(NULL, Array)
#3 C:\xampp2\htdocs\Clever-e\wp-includes\plugin.php(478): WP_Hook->do_action(Array)
#4 C:\xampp2\htdocs\Clever-e\wp-includes\class-wp-customize-manager.php(928): do_action('customize_regis...', Object(WP_Customize_Manager))
#5 C:\xampp2\htdocs\Clever-e\wp-includes\class-wp-hook.php(287): WP_Customize_Manager->wp_loaded('')
#6 C:\xampp2\htdocs\Clever-e\wp-includes\class-wp-hook.php(311): WP_Hook->apply_filters(NULL, Array)
#7 C:\xampp2\htdocs\Clever-e\wp-includes\plugin.php(478): WP_Hook->do_action(Array)
#8 C:\xampp2\htdocs\Clever- en C:\xampp2\htdocs\Clever-e\wp-content\themes\clever\inc\home\customizer-main-video.php en la línea 59

2020-08-31T12:02:40+00:00 CRITICAL syntax error, unexpected ')' en C:\xampp2\htdocs\Clever-e\wp-content\themes\clever\inc\home\customizer-main-video.php en la línea 64

2020-08-31T12:03:03+00:00 CRITICAL syntax error, unexpected ')' en C:\xampp2\htdocs\Clever-e\wp-content\themes\clever\inc\home\customizer-main-video.php en la línea 66

2020-08-31T12:27:07+00:00 CRITICAL require_once(): Failed opening required 'C:\xampp2\htdocs\Clever-e/wp-content/themes/clever/inc/local-field-group.php' (include_path='C:\xampp2\php\PEAR') in C:\xampp2\htdocs\Clever-e\wp-content\themes\clever\functions.php on line 75

2020-08-31T12:27:25+00:00 CRITICAL require_once(): Failed opening required 'C:\xampp2\htdocs\Clever-e/wp-content/themes/clever/inc/local-field-group.php' (include_path='C:\xampp2\php\PEAR') in C:\xampp2\htdocs\Clever-e\wp-content\themes\clever\functions.php on line 75

2020-08-31T12:44:54+00:00 CRITICAL Uncaught Error: Call to a member function get_cart_contents_count() on null in C:\xampp2\htdocs\Clever-e\wp-content\themes\clever\header.php:217
Stack trace:
#0 C:\xampp2\htdocs\Clever-e\wp-includes\template.php(723): require_once()
#1 C:\xampp2\htdocs\Clever-e\wp-includes\template.php(672): load_template('C:\\xampp2\\htdoc...', true)
#2 C:\xampp2\htdocs\Clever-e\wp-includes\general-template.php(41): locate_template(Array, true)
#3 C:\xampp2\htdocs\Clever-e\wp-content\themes\clever\woocommerce\archive-product.php(22): get_header()
#4 C:\xampp2\htdocs\Clever-e\wp-content\themes\clever\inc\fnc\fnc.php(711): require_once('C:\\xampp2\\htdoc...')
#5 C:\xampp2\htdocs\Clever-e\wp-includes\shortcodes.php(343): shop_basico('', '', 'shop_basic')
#6 [internal function]: do_shortcode_tag(Array)
#7 C:\xampp2\htdocs\Clever-e\wp-includes\shortcodes.php(218): preg_replace_callback('/\\[(\\[?)(shop_b...', 'do_shortcode_ta...', '[shop_basic]\n')
#8 C:\xampp2\htdocs\Clever-e\wp-includes\class-wp-hook.php(287): do_shortcode('[sh en C:\xampp2\htdocs\Clever-e\wp-content\themes\clever\header.php en la línea 217

2020-08-31T12:52:21+00:00 CRITICAL Uncaught Error: Call to a member function get_cart_contents_count() on null in C:\xampp2\htdocs\Clever-e\wp-content\themes\clever\header.php:217
Stack trace:
#0 C:\xampp2\htdocs\Clever-e\wp-includes\template.php(723): require_once()
#1 C:\xampp2\htdocs\Clever-e\wp-includes\template.php(672): load_template('C:\\xampp2\\htdoc...', true)
#2 C:\xampp2\htdocs\Clever-e\wp-includes\general-template.php(41): locate_template(Array, true)
#3 C:\xampp2\htdocs\Clever-e\wp-content\themes\clever\woocommerce\archive-product.php(22): get_header()
#4 C:\xampp2\htdocs\Clever-e\wp-content\themes\clever\inc\fnc\fnc.php(711): require_once('C:\\xampp2\\htdoc...')
#5 C:\xampp2\htdocs\Clever-e\wp-includes\shortcodes.php(343): shop_basico('', '', 'shop_basic')
#6 [internal function]: do_shortcode_tag(Array)
#7 C:\xampp2\htdocs\Clever-e\wp-includes\shortcodes.php(218): preg_replace_callback('/\\[(\\[?)(shop_b...', 'do_shortcode_ta...', '[shop_basic]\n')
#8 C:\xampp2\htdocs\Clever-e\wp-includes\class-wp-hook.php(287): do_shortcode('[sh en C:\xampp2\htdocs\Clever-e\wp-content\themes\clever\header.php en la línea 217

2020-08-31T13:07:02+00:00 CRITICAL Uncaught Error: Call to a member function get_cart_contents_count() on null in C:\xampp2\htdocs\Clever-e\wp-content\themes\clever\header.php:217
Stack trace:
#0 C:\xampp2\htdocs\Clever-e\wp-includes\template.php(723): require_once()
#1 C:\xampp2\htdocs\Clever-e\wp-includes\template.php(672): load_template('C:\\xampp2\\htdoc...', true)
#2 C:\xampp2\htdocs\Clever-e\wp-includes\general-template.php(41): locate_template(Array, true)
#3 C:\xampp2\htdocs\Clever-e\wp-content\themes\clever\woocommerce\archive-product.php(22): get_header()
#4 C:\xampp2\htdocs\Clever-e\wp-content\themes\clever\inc\fnc\fnc.php(712): require_once('C:\\xampp2\\htdoc...')
#5 C:\xampp2\htdocs\Clever-e\wp-includes\shortcodes.php(343): shop_basico('', '', 'shop_basic')
#6 [internal function]: do_shortcode_tag(Array)
#7 C:\xampp2\htdocs\Clever-e\wp-includes\shortcodes.php(218): preg_replace_callback('/\\[(\\[?)(shop_b...', 'do_shortcode_ta...', '[shop_basic]\n')
#8 C:\xampp2\htdocs\Clever-e\wp-includes\class-wp-hook.php(287): do_shortcode('[sh en C:\xampp2\htdocs\Clever-e\wp-content\themes\clever\header.php en la línea 217

2020-08-31T13:14:02+00:00 CRITICAL Uncaught Error: Call to a member function get_cart_contents_count() on null in C:\xampp2\htdocs\Clever-e\wp-content\themes\clever\header.php:217
Stack trace:
#0 C:\xampp2\htdocs\Clever-e\wp-includes\template.php(723): require_once()
#1 C:\xampp2\htdocs\Clever-e\wp-includes\template.php(672): load_template('C:\\xampp2\\htdoc...', true)
#2 C:\xampp2\htdocs\Clever-e\wp-includes\general-template.php(41): locate_template(Array, true)
#3 C:\xampp2\htdocs\Clever-e\wp-content\themes\clever\inc\fnc\fnc.php(733): get_header()
#4 C:\xampp2\htdocs\Clever-e\wp-includes\shortcodes.php(343): shop_basico('', '', 'shop_basic')
#5 [internal function]: do_shortcode_tag(Array)
#6 C:\xampp2\htdocs\Clever-e\wp-includes\shortcodes.php(218): preg_replace_callback('/\\[(\\[?)(shop_b...', 'do_shortcode_ta...', '[shop_basic]\n')
#7 C:\xampp2\htdocs\Clever-e\wp-includes\class-wp-hook.php(287): do_shortcode('[shop_basic]\n')
#8 C:\xampp2\htdocs\Clever-e\wp-includes\plugin.php(206): WP_Hook->apply_filters('[shop_basic]\n', Array)
#9 C:\xa en C:\xampp2\htdocs\Clever-e\wp-content\themes\clever\header.php en la línea 217

2020-08-31T13:20:29+00:00 CRITICAL Uncaught Error: Call to a member function get_cart_contents_count() on null in C:\xampp2\htdocs\Clever-e\wp-content\themes\clever\header.php:217
Stack trace:
#0 C:\xampp2\htdocs\Clever-e\wp-includes\template.php(723): require_once()
#1 C:\xampp2\htdocs\Clever-e\wp-includes\template.php(672): load_template('C:\\xampp2\\htdoc...', true)
#2 C:\xampp2\htdocs\Clever-e\wp-includes\general-template.php(41): locate_template(Array, true)
#3 C:\xampp2\htdocs\Clever-e\wp-content\themes\clever\woocommerce\archive-product.php(22): get_header()
#4 C:\xampp2\htdocs\Clever-e\wp-content\themes\clever\inc\fnc\fnc.php(713): require_once('C:\\xampp2\\htdoc...')
#5 C:\xampp2\htdocs\Clever-e\wp-includes\shortcodes.php(343): shop_basico('', '', 'shop_basic')
#6 [internal function]: do_shortcode_tag(Array)
#7 C:\xampp2\htdocs\Clever-e\wp-includes\shortcodes.php(218): preg_replace_callback('/\\[(\\[?)(shop_b...', 'do_shortcode_ta...', '[shop_basic]\n')
#8 C:\xampp2\htdocs\Clever-e\wp-includes\class-wp-hook.php(287): do_shortcode('[sh en C:\xampp2\htdocs\Clever-e\wp-content\themes\clever\header.php en la línea 217

2020-08-31T13:21:46+00:00 CRITICAL Uncaught Error: Call to a member function get_cart_contents_count() on null in C:\xampp2\htdocs\Clever-e\wp-content\themes\clever\header.php:217
Stack trace:
#0 C:\xampp2\htdocs\Clever-e\wp-includes\template.php(723): require_once()
#1 C:\xampp2\htdocs\Clever-e\wp-includes\template.php(672): load_template('C:\\xampp2\\htdoc...', true)
#2 C:\xampp2\htdocs\Clever-e\wp-includes\general-template.php(41): locate_template(Array, true)
#3 C:\xampp2\htdocs\Clever-e\wp-content\themes\clever\woocommerce\archive-product.php(22): get_header()
#4 C:\xampp2\htdocs\Clever-e\wp-content\themes\clever\inc\fnc\fnc.php(713): require_once('C:\\xampp2\\htdoc...')
#5 C:\xampp2\htdocs\Clever-e\wp-includes\shortcodes.php(343): shop_basico('', '', 'shop_basic')
#6 [internal function]: do_shortcode_tag(Array)
#7 C:\xampp2\htdocs\Clever-e\wp-includes\shortcodes.php(218): preg_replace_callback('/\\[(\\[?)(shop_b...', 'do_shortcode_ta...', '[shop_basic]\n')
#8 C:\xampp2\htdocs\Clever-e\wp-includes\class-wp-hook.php(287): do_shortcode('[sh en C:\xampp2\htdocs\Clever-e\wp-content\themes\clever\header.php en la línea 217

2020-08-31T13:24:30+00:00 CRITICAL Uncaught Error: Call to a member function get_cart_contents_count() on null in C:\xampp2\htdocs\Clever-e\wp-content\themes\clever\header.php:217
Stack trace:
#0 C:\xampp2\htdocs\Clever-e\wp-includes\template.php(723): require_once()
#1 C:\xampp2\htdocs\Clever-e\wp-includes\template.php(672): load_template('C:\\xampp2\\htdoc...', true)
#2 C:\xampp2\htdocs\Clever-e\wp-includes\general-template.php(41): locate_template(Array, true)
#3 C:\xampp2\htdocs\Clever-e\wp-content\themes\clever\woocommerce\archive-product.php(22): get_header()
#4 C:\xampp2\htdocs\Clever-e\wp-content\themes\clever\inc\fnc\fnc.php(713): require_once('C:\\xampp2\\htdoc...')
#5 C:\xampp2\htdocs\Clever-e\wp-includes\shortcodes.php(343): shop_basico('', '', 'shop_basic')
#6 [internal function]: do_shortcode_tag(Array)
#7 C:\xampp2\htdocs\Clever-e\wp-includes\shortcodes.php(218): preg_replace_callback('/\\[(\\[?)(shop_b...', 'do_shortcode_ta...', '[shop_basic]\n')
#8 C:\xampp2\htdocs\Clever-e\wp-includes\class-wp-hook.php(287): do_shortcode('[sh en C:\xampp2\htdocs\Clever-e\wp-content\themes\clever\header.php en la línea 217

2020-08-31T13:28:56+00:00 CRITICAL Uncaught Error: Call to a member function get_cart_contents_count() on null in C:\xampp2\htdocs\Clever-e\wp-content\themes\clever\header.php:217
Stack trace:
#0 C:\xampp2\htdocs\Clever-e\wp-includes\template.php(723): require_once()
#1 C:\xampp2\htdocs\Clever-e\wp-includes\template.php(672): load_template('C:\\xampp2\\htdoc...', true)
#2 C:\xampp2\htdocs\Clever-e\wp-includes\general-template.php(41): locate_template(Array, true)
#3 C:\xampp2\htdocs\Clever-e\wp-content\themes\clever\woocommerce\archive-product.php(22): get_header()
#4 C:\xampp2\htdocs\Clever-e\wp-content\themes\clever\inc\fnc\fnc.php(713): require_once('C:\\xampp2\\htdoc...')
#5 C:\xampp2\htdocs\Clever-e\wp-includes\shortcodes.php(343): shop_basico('', '', 'shop_basic')
#6 [internal function]: do_shortcode_tag(Array)
#7 C:\xampp2\htdocs\Clever-e\wp-includes\shortcodes.php(218): preg_replace_callback('/\\[(\\[?)(shop_b...', 'do_shortcode_ta...', '[shop_basic]\n')
#8 C:\xampp2\htdocs\Clever-e\wp-includes\class-wp-hook.php(287): do_shortcode('[sh en C:\xampp2\htdocs\Clever-e\wp-content\themes\clever\header.php en la línea 217

