2020-08-19T00:03:36+00:00 CRITICAL Cannot redeclare wpdocs_filter_wp_title() (previously declared in C:\xampp2\htdocs\Clever-e\wp-content\themes\clever\inc\fnc\fnc.php:15) in C:\xampp2\htdocs\Clever-e\wp-content\themes\clever\inc\fnc\fnc.php on line 94

2020-08-19T00:50:09+00:00 CRITICAL Uncaught Error: Call to undefined function YITH_WCWL() in C:\xampp2\htdocs\Clever-e\wp-content\themes\clever\header.php:85
Stack trace:
#0 C:\xampp2\htdocs\Clever-e\wp-includes\template.php(723): require_once()
#1 C:\xampp2\htdocs\Clever-e\wp-includes\template.php(672): load_template('C:\\xampp2\\htdoc...', true)
#2 C:\xampp2\htdocs\Clever-e\wp-includes\general-template.php(41): locate_template(Array, true)
#3 C:\xampp2\htdocs\Clever-e\wp-content\themes\clever\woocommerce\single-product.php(22): get_header('shop')
#4 C:\xampp2\htdocs\Clever-e\wp-includes\template-loader.php(106): include('C:\\xampp2\\htdoc...')
#5 C:\xampp2\htdocs\Clever-e\wp-blog-header.php(19): require_once('C:\\xampp2\\htdoc...')
#6 C:\xampp2\htdocs\Clever-e\index.php(17): require('C:\\xampp2\\htdoc...')
#7 {main}
  thrown in C:\xampp2\htdocs\Clever-e\wp-content\themes\clever\header.php on line 85

2020-08-19T00:50:13+00:00 CRITICAL Uncaught Error: Call to undefined function YITH_WCWL() in C:\xampp2\htdocs\Clever-e\wp-content\themes\clever\header.php:85
Stack trace:
#0 C:\xampp2\htdocs\Clever-e\wp-includes\template.php(723): require_once()
#1 C:\xampp2\htdocs\Clever-e\wp-includes\template.php(672): load_template('C:\\xampp2\\htdoc...', true)
#2 C:\xampp2\htdocs\Clever-e\wp-includes\general-template.php(41): locate_template(Array, true)
#3 C:\xampp2\htdocs\Clever-e\wp-content\themes\clever\404.php(1): get_header()
#4 C:\xampp2\htdocs\Clever-e\wp-includes\template-loader.php(106): include('C:\\xampp2\\htdoc...')
#5 C:\xampp2\htdocs\Clever-e\wp-blog-header.php(19): require_once('C:\\xampp2\\htdoc...')
#6 C:\xampp2\htdocs\Clever-e\index.php(17): require('C:\\xampp2\\htdoc...')
#7 {main}
  thrown in C:\xampp2\htdocs\Clever-e\wp-content\themes\clever\header.php on line 85

2020-08-19T00:50:46+00:00 CRITICAL Uncaught Error: Call to undefined function YITH_WCWL() in C:\xampp2\htdocs\Clever-e\wp-content\themes\clever\header.php:85
Stack trace:
#0 C:\xampp2\htdocs\Clever-e\wp-includes\template.php(723): require_once()
#1 C:\xampp2\htdocs\Clever-e\wp-includes\template.php(672): load_template('C:\\xampp2\\htdoc...', true)
#2 C:\xampp2\htdocs\Clever-e\wp-includes\general-template.php(41): locate_template(Array, true)
#3 C:\xampp2\htdocs\Clever-e\wp-content\themes\clever\woocommerce\single-product.php(22): get_header('shop')
#4 C:\xampp2\htdocs\Clever-e\wp-includes\template-loader.php(106): include('C:\\xampp2\\htdoc...')
#5 C:\xampp2\htdocs\Clever-e\wp-blog-header.php(19): require_once('C:\\xampp2\\htdoc...')
#6 C:\xampp2\htdocs\Clever-e\index.php(17): require('C:\\xampp2\\htdoc...')
#7 {main}
  thrown in C:\xampp2\htdocs\Clever-e\wp-content\themes\clever\header.php on line 85

2020-08-19T00:50:53+00:00 CRITICAL Uncaught Error: Call to undefined function YITH_WCWL() in C:\xampp2\htdocs\Clever-e\wp-content\themes\clever\header.php:85
Stack trace:
#0 C:\xampp2\htdocs\Clever-e\wp-includes\template.php(723): require_once()
#1 C:\xampp2\htdocs\Clever-e\wp-includes\template.php(672): load_template('C:\\xampp2\\htdoc...', true)
#2 C:\xampp2\htdocs\Clever-e\wp-includes\general-template.php(41): locate_template(Array, true)
#3 C:\xampp2\htdocs\Clever-e\wp-content\themes\clever\404.php(1): get_header()
#4 C:\xampp2\htdocs\Clever-e\wp-includes\template-loader.php(106): include('C:\\xampp2\\htdoc...')
#5 C:\xampp2\htdocs\Clever-e\wp-blog-header.php(19): require_once('C:\\xampp2\\htdoc...')
#6 C:\xampp2\htdocs\Clever-e\index.php(17): require('C:\\xampp2\\htdoc...')
#7 {main}
  thrown in C:\xampp2\htdocs\Clever-e\wp-content\themes\clever\header.php on line 85

2020-08-19T00:52:11+00:00 CRITICAL Object of class WooCommerce could not be converted to string in C:\xampp2\htdocs\Clever-e\wp-includes\formatting.php on line 1117

2020-08-19T00:52:55+00:00 CRITICAL Uncaught Error: Call to undefined function the_field() in C:\xampp2\htdocs\Clever-e\wp-content\themes\clever\sections\home\main-video.php:18
Stack trace:
#0 C:\xampp2\htdocs\Clever-e\wp-includes\template.php(725): require()
#1 C:\xampp2\htdocs\Clever-e\wp-includes\template.php(672): load_template('C:\\xampp2\\htdoc...', false)
#2 C:\xampp2\htdocs\Clever-e\wp-includes\general-template.php(168): locate_template(Array, true, false)
#3 C:\xampp2\htdocs\Clever-e\wp-content\themes\clever\home.php(7): get_template_part('sections/home/m...')
#4 C:\xampp2\htdocs\Clever-e\wp-includes\template-loader.php(106): include('C:\\xampp2\\htdoc...')
#5 C:\xampp2\htdocs\Clever-e\wp-blog-header.php(19): require_once('C:\\xampp2\\htdoc...')
#6 C:\xampp2\htdocs\Clever-e\index.php(17): require('C:\\xampp2\\htdoc...')
#7 {main}
  thrown in C:\xampp2\htdocs\Clever-e\wp-content\themes\clever\sections\home\main-video.php on line 18

2020-08-19T00:53:22+00:00 CRITICAL Object of class WooCommerce could not be converted to string in C:\xampp2\htdocs\Clever-e\wp-includes\formatting.php on line 1117

2020-08-19T00:54:09+00:00 CRITICAL Uncaught Error: Call to undefined function YITH_WCWL() in C:\xampp2\htdocs\Clever-e\wp-content\themes\clever\header.php:85
Stack trace:
#0 C:\xampp2\htdocs\Clever-e\wp-includes\template.php(723): require_once()
#1 C:\xampp2\htdocs\Clever-e\wp-includes\template.php(672): load_template('C:\\xampp2\\htdoc...', true)
#2 C:\xampp2\htdocs\Clever-e\wp-includes\general-template.php(41): locate_template(Array, true)
#3 C:\xampp2\htdocs\Clever-e\wp-content\themes\clever\woocommerce\single-product.php(22): get_header('shop')
#4 C:\xampp2\htdocs\Clever-e\wp-includes\template-loader.php(106): include('C:\\xampp2\\htdoc...')
#5 C:\xampp2\htdocs\Clever-e\wp-blog-header.php(19): require_once('C:\\xampp2\\htdoc...')
#6 C:\xampp2\htdocs\Clever-e\index.php(17): require('C:\\xampp2\\htdoc...')
#7 {main}
  thrown in C:\xampp2\htdocs\Clever-e\wp-content\themes\clever\header.php on line 85

2020-08-19T00:54:13+00:00 CRITICAL Uncaught Error: Call to undefined function YITH_WCWL() in C:\xampp2\htdocs\Clever-e\wp-content\themes\clever\header.php:85
Stack trace:
#0 C:\xampp2\htdocs\Clever-e\wp-includes\template.php(723): require_once()
#1 C:\xampp2\htdocs\Clever-e\wp-includes\template.php(672): load_template('C:\\xampp2\\htdoc...', true)
#2 C:\xampp2\htdocs\Clever-e\wp-includes\general-template.php(41): locate_template(Array, true)
#3 C:\xampp2\htdocs\Clever-e\wp-content\themes\clever\404.php(1): get_header()
#4 C:\xampp2\htdocs\Clever-e\wp-includes\template-loader.php(106): include('C:\\xampp2\\htdoc...')
#5 C:\xampp2\htdocs\Clever-e\wp-blog-header.php(19): require_once('C:\\xampp2\\htdoc...')
#6 C:\xampp2\htdocs\Clever-e\index.php(17): require('C:\\xampp2\\htdoc...')
#7 {main}
  thrown in C:\xampp2\htdocs\Clever-e\wp-content\themes\clever\header.php on line 85

2020-08-19T00:54:22+00:00 CRITICAL Uncaught Error: Call to undefined function YITH_WCWL() in C:\xampp2\htdocs\Clever-e\wp-content\themes\clever\header.php:85
Stack trace:
#0 C:\xampp2\htdocs\Clever-e\wp-includes\template.php(723): require_once()
#1 C:\xampp2\htdocs\Clever-e\wp-includes\template.php(672): load_template('C:\\xampp2\\htdoc...', true)
#2 C:\xampp2\htdocs\Clever-e\wp-includes\general-template.php(41): locate_template(Array, true)
#3 C:\xampp2\htdocs\Clever-e\wp-content\themes\clever\home.php(1): get_header()
#4 C:\xampp2\htdocs\Clever-e\wp-includes\template-loader.php(106): include('C:\\xampp2\\htdoc...')
#5 C:\xampp2\htdocs\Clever-e\wp-blog-header.php(19): require_once('C:\\xampp2\\htdoc...')
#6 C:\xampp2\htdocs\Clever-e\index.php(17): require('C:\\xampp2\\htdoc...')
#7 {main}
  thrown in C:\xampp2\htdocs\Clever-e\wp-content\themes\clever\header.php on line 85

2020-08-19T00:54:27+00:00 CRITICAL Uncaught Error: Call to undefined function YITH_WCWL() in C:\xampp2\htdocs\Clever-e\wp-content\themes\clever\header.php:85
Stack trace:
#0 C:\xampp2\htdocs\Clever-e\wp-includes\template.php(723): require_once()
#1 C:\xampp2\htdocs\Clever-e\wp-includes\template.php(672): load_template('C:\\xampp2\\htdoc...', true)
#2 C:\xampp2\htdocs\Clever-e\wp-includes\general-template.php(41): locate_template(Array, true)
#3 C:\xampp2\htdocs\Clever-e\wp-content\themes\clever\404.php(1): get_header()
#4 C:\xampp2\htdocs\Clever-e\wp-includes\template-loader.php(106): include('C:\\xampp2\\htdoc...')
#5 C:\xampp2\htdocs\Clever-e\wp-blog-header.php(19): require_once('C:\\xampp2\\htdoc...')
#6 C:\xampp2\htdocs\Clever-e\index.php(17): require('C:\\xampp2\\htdoc...')
#7 {main}
  thrown in C:\xampp2\htdocs\Clever-e\wp-content\themes\clever\header.php on line 85

2020-08-19T04:21:52+00:00 CRITICAL Uncaught Error: Call to undefined function the_field() in C:\xampp2\htdocs\Clever-e\wp-content\themes\clever\sections\home\main-video.php:18
Stack trace:
#0 C:\xampp2\htdocs\Clever-e\wp-includes\template.php(725): require()
#1 C:\xampp2\htdocs\Clever-e\wp-includes\template.php(672): load_template('C:\\xampp2\\htdoc...', false)
#2 C:\xampp2\htdocs\Clever-e\wp-includes\general-template.php(168): locate_template(Array, true, false)
#3 C:\xampp2\htdocs\Clever-e\wp-content\themes\clever\home.php(7): get_template_part('sections/home/m...')
#4 C:\xampp2\htdocs\Clever-e\wp-includes\template-loader.php(106): include('C:\\xampp2\\htdoc...')
#5 C:\xampp2\htdocs\Clever-e\wp-blog-header.php(19): require_once('C:\\xampp2\\htdoc...')
#6 C:\xampp2\htdocs\Clever-e\index.php(17): require('C:\\xampp2\\htdoc...')
#7 {main}
  thrown in C:\xampp2\htdocs\Clever-e\wp-content\themes\clever\sections\home\main-video.php on line 18

2020-08-19T04:22:20+00:00 CRITICAL Object of class WooCommerce could not be converted to string in C:\xampp2\htdocs\Clever-e\wp-includes\formatting.php on line 1117

2020-08-19T04:34:05+00:00 CRITICAL Object of class WooCommerce could not be converted to string in C:\xampp2\htdocs\Clever-e\wp-includes\formatting.php on line 1117

2020-08-19T04:38:51+00:00 CRITICAL Uncaught Error: Call to undefined function get_field() in C:\xampp2\htdocs\Clever-e\wp-content\themes\clever\page.php:25
Stack trace:
#0 C:\xampp2\htdocs\Clever-e\wp-includes\template-loader.php(106): include()
#1 C:\xampp2\htdocs\Clever-e\wp-blog-header.php(19): require_once('C:\\xampp2\\htdoc...')
#2 C:\xampp2\htdocs\Clever-e\index.php(17): require('C:\\xampp2\\htdoc...')
#3 {main}
  thrown in C:\xampp2\htdocs\Clever-e\wp-content\themes\clever\page.php on line 25

2020-08-19T04:51:56+00:00 CRITICAL Uncaught Error: Call to undefined function get_field() in C:\xampp2\htdocs\Clever-e\wp-content\themes\clever\page.php:25
Stack trace:
#0 C:\xampp2\htdocs\Clever-e\wp-includes\template-loader.php(106): include()
#1 C:\xampp2\htdocs\Clever-e\wp-blog-header.php(19): require_once('C:\\xampp2\\htdoc...')
#2 C:\xampp2\htdocs\Clever-e\index.php(17): require('C:\\xampp2\\htdoc...')
#3 {main}
  thrown in C:\xampp2\htdocs\Clever-e\wp-content\themes\clever\page.php on line 25

