2020-10-09T05:47:11+00:00 CRITICAL Uncaught Exception: No license present in /var/www/html/Clever-e/wp-content/plugins/wp-all-import-pro/src/Scheduling/SchedulingApi.php:207
Stack trace:
#0 /var/www/html/Clever-e/wp-content/plugins/wp-all-import-pro/src/Scheduling/SchedulingApi.php(176): Wpai\Scheduling\SchedulingApi->getHeaders()
#1 /var/www/html/Clever-e/wp-content/plugins/wp-all-import-pro/src/Scheduling/Scheduling.php(210): Wpai\Scheduling\SchedulingApi->disableSchedule('1')
#2 /var/www/html/Clever-e/wp-content/plugins/wp-all-import-pro/src/Scheduling/Scheduling.php(141): Wpai\Scheduling\Scheduling->userDisableSchedule('1')
#3 /var/www/html/Clever-e/wp-content/plugins/wp-all-import-pro/actions/wp_ajax_save_import_scheduling.php(32): Wpai\Scheduling\Scheduling->handleScheduling('1', Array)
#4 /var/www/html/Clever-e/wp-includes/class-wp-hook.php(287): pmxi_wp_ajax_save_import_scheduling('')
#5 /var/www/html/Clever-e/wp-includes/class-wp-hook.php(311): WP_Hook->apply_filters('', Array)
#6 /var/www/html/Clever-e/wp-includes/plugin.php(478): WP en /var/www/html/Clever-e/wp-content/plugins/wp-all-import-pro/src/Scheduling/SchedulingApi.php en la línea 207

2020-10-09T05:48:42+00:00 CRITICAL Uncaught Exception: No license present in /var/www/html/Clever-e/wp-content/plugins/wp-all-import-pro/src/Scheduling/SchedulingApi.php:207
Stack trace:
#0 /var/www/html/Clever-e/wp-content/plugins/wp-all-import-pro/src/Scheduling/SchedulingApi.php(176): Wpai\Scheduling\SchedulingApi->getHeaders()
#1 /var/www/html/Clever-e/wp-content/plugins/wp-all-import-pro/src/Scheduling/Scheduling.php(210): Wpai\Scheduling\SchedulingApi->disableSchedule('1')
#2 /var/www/html/Clever-e/wp-content/plugins/wp-all-import-pro/src/Scheduling/Scheduling.php(141): Wpai\Scheduling\Scheduling->userDisableSchedule('1')
#3 /var/www/html/Clever-e/wp-content/plugins/wp-all-import-pro/actions/wp_ajax_save_import_scheduling.php(32): Wpai\Scheduling\Scheduling->handleScheduling('1', Array)
#4 /var/www/html/Clever-e/wp-includes/class-wp-hook.php(287): pmxi_wp_ajax_save_import_scheduling('')
#5 /var/www/html/Clever-e/wp-includes/class-wp-hook.php(311): WP_Hook->apply_filters('', Array)
#6 /var/www/html/Clever-e/wp-includes/plugin.php(478): WP en /var/www/html/Clever-e/wp-content/plugins/wp-all-import-pro/src/Scheduling/SchedulingApi.php en la línea 207

2020-10-09T05:49:35+00:00 CRITICAL Uncaught Exception: No license present in /var/www/html/Clever-e/wp-content/plugins/wp-all-import-pro/src/Scheduling/SchedulingApi.php:207
Stack trace:
#0 /var/www/html/Clever-e/wp-content/plugins/wp-all-import-pro/src/Scheduling/SchedulingApi.php(176): Wpai\Scheduling\SchedulingApi->getHeaders()
#1 /var/www/html/Clever-e/wp-content/plugins/wp-all-import-pro/src/Scheduling/Scheduling.php(210): Wpai\Scheduling\SchedulingApi->disableSchedule('1')
#2 /var/www/html/Clever-e/wp-content/plugins/wp-all-import-pro/src/Scheduling/Scheduling.php(141): Wpai\Scheduling\Scheduling->userDisableSchedule('1')
#3 /var/www/html/Clever-e/wp-content/plugins/wp-all-import-pro/actions/wp_ajax_save_import_scheduling.php(32): Wpai\Scheduling\Scheduling->handleScheduling('1', Array)
#4 /var/www/html/Clever-e/wp-includes/class-wp-hook.php(287): pmxi_wp_ajax_save_import_scheduling('')
#5 /var/www/html/Clever-e/wp-includes/class-wp-hook.php(311): WP_Hook->apply_filters('', Array)
#6 /var/www/html/Clever-e/wp-includes/plugin.php(478): WP en /var/www/html/Clever-e/wp-content/plugins/wp-all-import-pro/src/Scheduling/SchedulingApi.php en la línea 207

2020-10-09T05:53:01+00:00 CRITICAL Uncaught Exception: No license present in /var/www/html/Clever-e/wp-content/plugins/wp-all-import-pro/src/Scheduling/SchedulingApi.php:207
Stack trace:
#0 /var/www/html/Clever-e/wp-content/plugins/wp-all-import-pro/src/Scheduling/SchedulingApi.php(176): Wpai\Scheduling\SchedulingApi->getHeaders()
#1 /var/www/html/Clever-e/wp-content/plugins/wp-all-import-pro/src/Scheduling/Scheduling.php(210): Wpai\Scheduling\SchedulingApi->disableSchedule('1')
#2 /var/www/html/Clever-e/wp-content/plugins/wp-all-import-pro/src/Scheduling/Scheduling.php(141): Wpai\Scheduling\Scheduling->userDisableSchedule('1')
#3 /var/www/html/Clever-e/wp-content/plugins/wp-all-import-pro/actions/wp_ajax_save_import_scheduling.php(32): Wpai\Scheduling\Scheduling->handleScheduling('1', Array)
#4 /var/www/html/Clever-e/wp-includes/class-wp-hook.php(287): pmxi_wp_ajax_save_import_scheduling('')
#5 /var/www/html/Clever-e/wp-includes/class-wp-hook.php(311): WP_Hook->apply_filters('', Array)
#6 /var/www/html/Clever-e/wp-includes/plugin.php(478): WP en /var/www/html/Clever-e/wp-content/plugins/wp-all-import-pro/src/Scheduling/SchedulingApi.php en la línea 207

