2020-08-18T05:12:22+00:00 CRITICAL syntax error, unexpected end of file in C:\xampp2\htdocs\Clever-e\wp-content\themes\clever\page.php on line 123

2020-08-18T22:41:29+00:00 CRITICAL syntax error, unexpected 'wp_enqueue_script' (T_STRING) in C:\xampp2\htdocs\Clever-e\wp-content\themes\clever\functions.php on line 15

2020-08-18T22:48:38+00:00 CRITICAL Uncaught Error: Call to undefined function mar_de_rosas_custom_product_woocommmerce() in C:\xampp2\htdocs\Clever-e\wp-content\themes\clever\woocommerce\content-single-product.php:22
Stack trace:
#0 C:\xampp2\htdocs\Clever-e\wp-includes\template.php(725): require()
#1 C:\xampp2\htdocs\Clever-e\wp-content\plugins\woocommerce\includes\wc-core-functions.php(283): load_template('C:\\xampp2\\htdoc...', false)
#2 C:\xampp2\htdocs\Clever-e\wp-content\themes\clever\woocommerce\single-product.php(37): wc_get_template_part('content', 'single-product')
#3 C:\xampp2\htdocs\Clever-e\wp-includes\template-loader.php(106): include('C:\\xampp2\\htdoc...')
#4 C:\xampp2\htdocs\Clever-e\wp-blog-header.php(19): require_once('C:\\xampp2\\htdoc...')
#5 C:\xampp2\htdocs\Clever-e\index.php(17): require('C:\\xampp2\\htdoc...')
#6 {main}
  thrown in C:\xampp2\htdocs\Clever-e\wp-content\themes\clever\woocommerce\content-single-product.php on line 22

2020-08-18T23:22:34+00:00 CRITICAL Uncaught Error: Call to undefined function mar_de_rosas_custom_product_woocommmerce() in C:\xampp2\htdocs\Clever-e\wp-content\themes\clever\woocommerce\content-single-product.php:22
Stack trace:
#0 C:\xampp2\htdocs\Clever-e\wp-includes\template.php(725): require()
#1 C:\xampp2\htdocs\Clever-e\wp-content\plugins\woocommerce\includes\wc-core-functions.php(283): load_template('C:\\xampp2\\htdoc...', false)
#2 C:\xampp2\htdocs\Clever-e\wp-content\themes\clever\woocommerce\single-product.php(37): wc_get_template_part('content', 'single-product')
#3 C:\xampp2\htdocs\Clever-e\wp-includes\template-loader.php(106): include('C:\\xampp2\\htdoc...')
#4 C:\xampp2\htdocs\Clever-e\wp-blog-header.php(19): require_once('C:\\xampp2\\htdoc...')
#5 C:\xampp2\htdocs\Clever-e\index.php(17): require('C:\\xampp2\\htdoc...')
#6 {main}
  thrown in C:\xampp2\htdocs\Clever-e\wp-content\themes\clever\woocommerce\content-single-product.php on line 22

