2020-08-15T02:07:27+00:00 CRITICAL Uncaught Error: Call to undefined function variation() in C:\xampp2\htdocs\Clever-e\wp-content\themes\clever\sections\home\main-products.php:24
Stack trace:
#0 C:\xampp2\htdocs\Clever-e\wp-includes\template.php(725): require()
#1 C:\xampp2\htdocs\Clever-e\wp-includes\template.php(672): load_template('C:\\xampp2\\htdoc...', false)
#2 C:\xampp2\htdocs\Clever-e\wp-includes\general-template.php(168): locate_template(Array, true, false)
#3 C:\xampp2\htdocs\Clever-e\wp-content\themes\clever\home.php(5): get_template_part('sections/home/m...')
#4 C:\xampp2\htdocs\Clever-e\wp-includes\template-loader.php(106): include('C:\\xampp2\\htdoc...')
#5 C:\xampp2\htdocs\Clever-e\wp-blog-header.php(19): require_once('C:\\xampp2\\htdoc...')
#6 C:\xampp2\htdocs\Clever-e\index.php(17): require('C:\\xampp2\\htdoc...')
#7 {main}
  thrown in C:\xampp2\htdocs\Clever-e\wp-content\themes\clever\sections\home\main-products.php on line 24

2020-08-15T02:09:39+00:00 CRITICAL Uncaught Error: Call to undefined function variation() in C:\xampp2\htdocs\Clever-e\wp-content\themes\clever\sections\home\main-products.php:24
Stack trace:
#0 C:\xampp2\htdocs\Clever-e\wp-includes\template.php(725): require()
#1 C:\xampp2\htdocs\Clever-e\wp-includes\template.php(672): load_template('C:\\xampp2\\htdoc...', false)
#2 C:\xampp2\htdocs\Clever-e\wp-includes\general-template.php(168): locate_template(Array, true, false)
#3 C:\xampp2\htdocs\Clever-e\wp-content\themes\clever\home.php(5): get_template_part('sections/home/m...')
#4 C:\xampp2\htdocs\Clever-e\wp-includes\template-loader.php(106): include('C:\\xampp2\\htdoc...')
#5 C:\xampp2\htdocs\Clever-e\wp-blog-header.php(19): require_once('C:\\xampp2\\htdoc...')
#6 C:\xampp2\htdocs\Clever-e\index.php(17): require('C:\\xampp2\\htdoc...')
#7 {main}
  thrown in C:\xampp2\htdocs\Clever-e\wp-content\themes\clever\sections\home\main-products.php on line 24

2020-08-15T02:10:38+00:00 CRITICAL Uncaught Error: Call to undefined function variation() in C:\xampp2\htdocs\Clever-e\wp-content\themes\clever\sections\home\main-products.php:29
Stack trace:
#0 C:\xampp2\htdocs\Clever-e\wp-includes\template.php(725): require()
#1 C:\xampp2\htdocs\Clever-e\wp-includes\template.php(672): load_template('C:\\xampp2\\htdoc...', false)
#2 C:\xampp2\htdocs\Clever-e\wp-includes\general-template.php(168): locate_template(Array, true, false)
#3 C:\xampp2\htdocs\Clever-e\wp-content\themes\clever\home.php(5): get_template_part('sections/home/m...')
#4 C:\xampp2\htdocs\Clever-e\wp-includes\template-loader.php(106): include('C:\\xampp2\\htdoc...')
#5 C:\xampp2\htdocs\Clever-e\wp-blog-header.php(19): require_once('C:\\xampp2\\htdoc...')
#6 C:\xampp2\htdocs\Clever-e\index.php(17): require('C:\\xampp2\\htdoc...')
#7 {main}
  thrown in C:\xampp2\htdocs\Clever-e\wp-content\themes\clever\sections\home\main-products.php on line 29

2020-08-15T02:12:13+00:00 CRITICAL Uncaught Error: Call to undefined function variation() in C:\xampp2\htdocs\Clever-e\wp-content\themes\clever\sections\home\main-products.php:29
Stack trace:
#0 C:\xampp2\htdocs\Clever-e\wp-includes\template.php(725): require()
#1 C:\xampp2\htdocs\Clever-e\wp-includes\template.php(672): load_template('C:\\xampp2\\htdoc...', false)
#2 C:\xampp2\htdocs\Clever-e\wp-includes\general-template.php(168): locate_template(Array, true, false)
#3 C:\xampp2\htdocs\Clever-e\wp-content\themes\clever\home.php(5): get_template_part('sections/home/m...')
#4 C:\xampp2\htdocs\Clever-e\wp-includes\template-loader.php(106): include('C:\\xampp2\\htdoc...')
#5 C:\xampp2\htdocs\Clever-e\wp-blog-header.php(19): require_once('C:\\xampp2\\htdoc...')
#6 C:\xampp2\htdocs\Clever-e\index.php(17): require('C:\\xampp2\\htdoc...')
#7 {main}
  thrown in C:\xampp2\htdocs\Clever-e\wp-content\themes\clever\sections\home\main-products.php on line 29

2020-08-15T02:16:01+00:00 CRITICAL Object of class WP_Term could not be converted to string in C:\xampp2\htdocs\Clever-e\wp-content\themes\clever\sections\home\main-products.php on line 50

2020-08-15T03:14:33+00:00 CRITICAL Uncaught Error: Call to undefined function get_the_term() in C:\xampp2\htdocs\Clever-e\wp-content\themes\clever\sections\home\main-products.php:50
Stack trace:
#0 C:\xampp2\htdocs\Clever-e\wp-includes\template.php(725): require()
#1 C:\xampp2\htdocs\Clever-e\wp-includes\template.php(672): load_template('C:\\xampp2\\htdoc...', false)
#2 C:\xampp2\htdocs\Clever-e\wp-includes\general-template.php(168): locate_template(Array, true, false)
#3 C:\xampp2\htdocs\Clever-e\wp-content\themes\clever\home.php(5): get_template_part('sections/home/m...')
#4 C:\xampp2\htdocs\Clever-e\wp-includes\template-loader.php(106): include('C:\\xampp2\\htdoc...')
#5 C:\xampp2\htdocs\Clever-e\wp-blog-header.php(19): require_once('C:\\xampp2\\htdoc...')
#6 C:\xampp2\htdocs\Clever-e\index.php(17): require('C:\\xampp2\\htdoc...')
#7 {main}
  thrown in C:\xampp2\htdocs\Clever-e\wp-content\themes\clever\sections\home\main-products.php on line 50

2020-08-15T03:16:29+00:00 CRITICAL Object of class WP_Term could not be converted to string in C:\xampp2\htdocs\Clever-e\wp-content\themes\clever\sections\home\main-products.php on line 50

2020-08-15T04:36:27+00:00 CRITICAL syntax error, unexpected '<' in C:\xampp2\htdocs\Clever-e\wp-content\themes\clever\sections\home\main-products.php on line 50

