2020-09-19T02:25:51+00:00 CRITICAL syntax error, unexpected ',' in C:\xampp2\htdocs\Clever-e\wp-content\themes\clever\functions.php on line 289

2020-09-19T02:27:33+00:00 CRITICAL syntax error, unexpected ',' in C:\xampp2\htdocs\Clever-e\wp-content\themes\clever\functions.php on line 292

2020-09-19T02:27:40+00:00 CRITICAL syntax error, unexpected ',' in C:\xampp2\htdocs\Clever-e\wp-content\themes\clever\functions.php on line 292

2020-09-19T02:27:47+00:00 CRITICAL syntax error, unexpected ',' in C:\xampp2\htdocs\Clever-e\wp-content\themes\clever\functions.php on line 292

2020-09-19T04:02:54+00:00 CRITICAL syntax error, unexpected '?>' en C:\xampp2\htdocs\Clever-e\wp-content\themes\clever\woocommerce\archive-product.php en la línea 52

2020-09-19T04:10:08+00:00 CRITICAL syntax error, unexpected ')' en C:\xampp2\htdocs\Clever-e\wp-content\themes\clever\woocommerce\archive-product.php en la línea 53

2020-09-19T04:16:02+00:00 CRITICAL syntax error, unexpected '}', expecting end of file en C:\xampp2\htdocs\Clever-e\wp-content\themes\clever\woocommerce\archive-product.php en la línea 78

2020-09-19T04:49:23+00:00 CRITICAL syntax error, unexpected ''meta_query'' (T_CONSTANT_ENCAPSED_STRING), expecting ')' in C:\xampp2\htdocs\Clever-e\wp-content\themes\clever\inc\fnc\fnc.php on line 579

2020-09-19T04:49:32+00:00 CRITICAL syntax error, unexpected ''meta_query'' (T_CONSTANT_ENCAPSED_STRING), expecting ')' in C:\xampp2\htdocs\Clever-e\wp-content\themes\clever\inc\fnc\fnc.php on line 579

2020-09-19T04:49:41+00:00 CRITICAL syntax error, unexpected ''meta_query'' (T_CONSTANT_ENCAPSED_STRING), expecting ')' in C:\xampp2\htdocs\Clever-e\wp-content\themes\clever\inc\fnc\fnc.php on line 579

2020-09-19T05:03:31+00:00 CRITICAL Uncaught Error: Call to undefined function get_the_field() in C:\xampp2\htdocs\Clever-e\wp-content\themes\clever\woocommerce\archive-product.php:304
Stack trace:
#0 C:\xampp2\htdocs\Clever-e\wp-content\themes\clever\page.php(21): require_once()
#1 C:\xampp2\htdocs\Clever-e\wp-includes\template-loader.php(106): include('C:\\xampp2\\htdoc...')
#2 C:\xampp2\htdocs\Clever-e\wp-blog-header.php(19): require_once('C:\\xampp2\\htdoc...')
#3 C:\xampp2\htdocs\Clever-e\index.php(17): require('C:\\xampp2\\htdoc...')
#4 {main}
  thrown en C:\xampp2\htdocs\Clever-e\wp-content\themes\clever\woocommerce\archive-product.php en la línea 304

2020-09-19T05:07:04+00:00 CRITICAL Uncaught Error: Call to undefined function meta_value() in C:\xampp2\htdocs\Clever-e\wp-content\themes\clever\woocommerce\archive-product.php:304
Stack trace:
#0 C:\xampp2\htdocs\Clever-e\wp-content\themes\clever\page.php(21): require_once()
#1 C:\xampp2\htdocs\Clever-e\wp-includes\template-loader.php(106): include('C:\\xampp2\\htdoc...')
#2 C:\xampp2\htdocs\Clever-e\wp-blog-header.php(19): require_once('C:\\xampp2\\htdoc...')
#3 C:\xampp2\htdocs\Clever-e\index.php(17): require('C:\\xampp2\\htdoc...')
#4 {main}
  thrown en C:\xampp2\htdocs\Clever-e\wp-content\themes\clever\woocommerce\archive-product.php en la línea 304

2020-09-19T05:43:04+00:00 CRITICAL syntax error, unexpected ')' in C:\xampp2\htdocs\Clever-e\wp-content\themes\clever\inc\fnc\fnc.php on line 552

